Checksum: 536870384
Checksum: 536870384
Checksum: 536870384
Checksum: 536870384
Checksum: 536870384
Checksum: 536870384
Checksum: 536870384
Checksum: 536870384
Checksum: 536870384
Checksum: 536870384
Checksum: 536870384
Checksum: 536870384
Checksum: 536870384
Checksum: 536870384
Checksum: 536870384
Checksum: 536870384
Checksum: 536870384
Checksum: 536870384
Checksum: 536870384
Checksum: 536870384
Checksum: 536870384
Checksum: 536870384
Checksum: 536870384
Checksum: 536870384
Checksum: 536870384
Checksum: 536870384
Checksum: 536870384
Checksum: 536870384
Checksum: 536870384
Checksum: 536870384
Checksum: 536870384
Checksum: 536870384
Checksum: 536870384
Checksum: 536870384
Checksum: 536870384
Checksum: 536870384
Checksum: 536870384
Checksum: 536870384
Checksum: 536870384
Checksum: 536870384
Checksum: 1073739744
Checksum: 1073739744
Checksum: 1073739744
Checksum: 1073739744
Checksum: 1073739744
Checksum: 1073739744
Checksum: 1073739744
Checksum: 1073739744
Checksum: 1073739744
Checksum: 1073739744
Checksum: 1073739744
Checksum: 1073739744
Checksum: 1073739744
Checksum: 1073739744
Checksum: 1073739744
Checksum: 1073739744
Checksum: 1073739744
Checksum: 1073739744
Checksum: 1073739744
Checksum: 1073739744
Checksum: 1073739744
Checksum: 1073739744
Checksum: 1073739744
Checksum: 1073739744
Checksum: 1073739744
Checksum: 1073739744
Checksum: 1073739744
Checksum: 1073739744
Checksum: 1073739744
Checksum: 1073739744
Checksum: 1073739744
Checksum: 1073739744
Checksum: 1073739744
Checksum: 1073739744
Checksum: 1073739744
Checksum: 1073739744
Checksum: 1073739744
Checksum: 1073739744
Checksum: 1073739744
Checksum: 1073739744
Checksum: 2147475392
Checksum: 2147475392
Checksum: 2147475392
Checksum: 2147475392
Checksum: 2147475392
Checksum: 2147475392
Checksum: 2147475392
Checksum: 2147475392
Checksum: 2147475392
Checksum: 2147475392
Checksum: 2147475392
Checksum: 2147475392
Checksum: 2147475392
Checksum: 2147475392
Checksum: 2147475392
Checksum: 2147475392
Checksum: 2147475392
Checksum: 2147475392
Checksum: 2147475392
Checksum: 2147475392
Checksum: 2147475392
Checksum: 2147475392
Checksum: 2147475392
Checksum: 2147475392
Checksum: 2147475392
Checksum: 2147475392
Checksum: 2147475392
Checksum: 2147475392
Checksum: 2147475392
Checksum: 2147475392
Checksum: 2147475392
Checksum: 2147475392
Checksum: 2147475392
Checksum: 2147475392
Checksum: 2147475392
Checksum: 2147475392
Checksum: 2147475392
Checksum: 2147475392
Checksum: 2147475392
Checksum: 2147475392
Checksum: 4294934400
Checksum: 4294934400
Checksum: 4294934400
Checksum: 4294934400
Checksum: 4294934400
Checksum: 4294934400
Checksum: 4294934400
Checksum: 4294934400
Checksum: 4294934400
Checksum: 4294934400
Checksum: 4294934400
Checksum: 4294934400
Checksum: 4294934400
Checksum: 4294934400
Checksum: 4294934400
Checksum: 4294934400
Checksum: 4294934400
Checksum: 4294934400
Checksum: 4294934400
Checksum: 4294934400
Checksum: 4294934400
Checksum: 4294934400
Checksum: 4294934400
Checksum: 4294934400
Checksum: 4294934400
Checksum: 4294934400
Checksum: 4294934400
Checksum: 4294934400
Checksum: 4294934400
Checksum: 4294934400
Checksum: 4294934400
Checksum: 4294934400
Checksum: 4294934400
Checksum: 4294934400
Checksum: 4294934400
Checksum: 4294934400
Checksum: 4294934400
Checksum: 4294934400
Checksum: 4294934400
Checksum: 4294934400
Checksum: 4294835968
Checksum: 4294835968
Checksum: 4294835968
Checksum: 4294835968
Checksum: 4294835968
Checksum: 4294835968
Checksum: 4294835968
Checksum: 4294835968
Checksum: 4294835968
Checksum: 4294835968
Checksum: 4294835968
Checksum: 4294835968
Checksum: 4294835968
Checksum: 4294835968
Checksum: 4294835968
Checksum: 4294835968
Checksum: 4294835968
Checksum: 4294835968
Checksum: 4294835968
Checksum: 4294835968
Checksum: 4294835968
Checksum: 4294835968
Checksum: 4294835968
Checksum: 4294835968
Checksum: 4294835968
Checksum: 4294835968
Checksum: 4294835968
Checksum: 4294835968
Checksum: 4294835968
Checksum: 4294835968
Checksum: 4294835968
Checksum: 4294835968
Checksum: 4294835968
Checksum: 4294835968
Checksum: 4294835968
Checksum: 4294835968
Checksum: 4294835968
Checksum: 4294835968
Checksum: 4294835968
Checksum: 4294835968
Checksum: 4294442496
Checksum: 4294442496
Checksum: 4294442496
Checksum: 4294442496
Checksum: 4294442496
Checksum: 4294442496
Checksum: 4294442496
Checksum: 4294442496
Checksum: 4294442496
Checksum: 4294442496
Checksum: 4294442496
Checksum: 4294442496
Checksum: 4294442496
Checksum: 4294442496
Checksum: 4294442496
Checksum: 4294442496
Checksum: 4294442496
Checksum: 4294442496
Checksum: 4294442496
Checksum: 4294442496
Checksum: 4294442496
Checksum: 4294442496
Checksum: 4294442496
Checksum: 4294442496
Checksum: 4294442496
Checksum: 4294442496
Checksum: 4294442496
Checksum: 4294442496
Checksum: 4294442496
Checksum: 4294442496
Checksum: 4294442496
Checksum: 4294442496
Checksum: 4294442496
Checksum: 4294442496
Checksum: 4294442496
Checksum: 4294442496
Checksum: 4294442496
Checksum: 4294442496
Checksum: 4294442496
Checksum: 4294442496
Checksum: 4292869120
Checksum: 4292869120
Checksum: 4292869120
Checksum: 4292869120
Checksum: 4292869120
Checksum: 4292869120
Checksum: 4292869120
Checksum: 4292869120
Checksum: 4292869120
Checksum: 4292869120
Checksum: 4292869120
Checksum: 4292869120
Checksum: 4292869120
Checksum: 4292869120
Checksum: 4292869120
Checksum: 4292869120
Checksum: 4292869120
Checksum: 4292869120
Checksum: 4292869120
Checksum: 4292869120
Checksum: 4292869120
Checksum: 4292869120
Checksum: 4292869120
Checksum: 4292869120
Checksum: 4292869120
Checksum: 4292869120
Checksum: 4292869120
Checksum: 4292869120
Checksum: 4292869120
Checksum: 4292869120
Checksum: 4292869120
Checksum: 4292869120
Checksum: 4292869120
Checksum: 4292869120
Checksum: 4292869120
Checksum: 4292869120
Checksum: 4292869120
Checksum: 4292869120
Checksum: 4292869120
Checksum: 4292869120
Checksum: 134217200
Checksum: 134217200
Checksum: 134217200
Checksum: 134217200
Checksum: 134217200
Checksum: 134217200
Checksum: 134217200
Checksum: 134217200
Checksum: 134217200
Checksum: 134217200
Checksum: 134217200
Checksum: 134217200
Checksum: 134217200
Checksum: 134217200
Checksum: 134217200
Checksum: 134217200
Checksum: 134217200
Checksum: 134217200
Checksum: 134217200
Checksum: 134217200
Checksum: 134217200
Checksum: 134217200
Checksum: 134217200
Checksum: 134217200
Checksum: 134217200
Checksum: 134217200
Checksum: 134217200
Checksum: 134217200
Checksum: 134217200
Checksum: 134217200
Checksum: 134217200
Checksum: 134217200
Checksum: 134217200
Checksum: 134217200
Checksum: 134217200
Checksum: 134217200
Checksum: 134217200
Checksum: 134217200
Checksum: 134217200
Checksum: 134217200
Checksum: 268433376
Checksum: 268433376
Checksum: 268433376
Checksum: 268433376
Checksum: 268433376
Checksum: 268433376
Checksum: 268433376
Checksum: 268433376
Checksum: 268433376
Checksum: 268433376
Checksum: 268433376
Checksum: 268433376
Checksum: 268433376
Checksum: 268433376
Checksum: 268433376
Checksum: 268433376
Checksum: 268433376
Checksum: 268433376
Checksum: 268433376
Checksum: 268433376
Checksum: 268433376
Checksum: 268433376
Checksum: 268433376
Checksum: 268433376
Checksum: 268433376
Checksum: 268433376
Checksum: 268433376
Checksum: 268433376
Checksum: 268433376
Checksum: 268433376
Checksum: 268433376
Checksum: 268433376
Checksum: 268433376
Checksum: 268433376
Checksum: 268433376
Checksum: 268433376
Checksum: 268433376
Checksum: 268433376
Checksum: 268433376
Checksum: 268433376
Checksum: 536862656
Checksum: 536862656
Checksum: 536862656
Checksum: 536862656
Checksum: 536862656
Checksum: 536862656
Checksum: 536862656
Checksum: 536862656
Checksum: 536862656
Checksum: 536862656
Checksum: 536862656
Checksum: 536862656
Checksum: 536862656
Checksum: 536862656
Checksum: 536862656
Checksum: 536862656
Checksum: 536862656
Checksum: 536862656
Checksum: 536862656
Checksum: 536862656
Checksum: 536862656
Checksum: 536862656
Checksum: 536862656
Checksum: 536862656
Checksum: 536862656
Checksum: 536862656
Checksum: 536862656
Checksum: 536862656
Checksum: 536862656
Checksum: 536862656
Checksum: 536862656
Checksum: 536862656
Checksum: 536862656
Checksum: 536862656
Checksum: 536862656
Checksum: 536862656
Checksum: 536862656
Checksum: 536862656
Checksum: 536862656
Checksum: 536862656
Checksum: 1073708928
Checksum: 1073708928
Checksum: 1073708928
Checksum: 1073708928
Checksum: 1073708928
Checksum: 1073708928
Checksum: 1073708928
Checksum: 1073708928
Checksum: 1073708928
Checksum: 1073708928
Checksum: 1073708928
Checksum: 1073708928
Checksum: 1073708928
Checksum: 1073708928
Checksum: 1073708928
Checksum: 1073708928
Checksum: 1073708928
Checksum: 1073708928
Checksum: 1073708928
Checksum: 1073708928
Checksum: 1073708928
Checksum: 1073708928
Checksum: 1073708928
Checksum: 1073708928
Checksum: 1073708928
Checksum: 1073708928
Checksum: 1073708928
Checksum: 1073708928
Checksum: 1073708928
Checksum: 1073708928
Checksum: 1073708928
Checksum: 1073708928
Checksum: 1073708928
Checksum: 1073708928
Checksum: 1073708928
Checksum: 1073708928
Checksum: 1073708928
Checksum: 1073708928
Checksum: 1073708928
Checksum: 1073708928
Checksum: 2147352320
Checksum: 2147352320
Checksum: 2147352320
Checksum: 2147352320
Checksum: 2147352320
Checksum: 2147352320
Checksum: 2147352320
Checksum: 2147352320
Checksum: 2147352320
Checksum: 2147352320
Checksum: 2147352320
Checksum: 2147352320
Checksum: 2147352320
Checksum: 2147352320
Checksum: 2147352320
Checksum: 2147352320
Checksum: 2147352320
Checksum: 2147352320
Checksum: 2147352320
Checksum: 2147352320
Checksum: 2147352320
Checksum: 2147352320
Checksum: 2147352320
Checksum: 2147352320
Checksum: 2147352320
Checksum: 2147352320
Checksum: 2147352320
Checksum: 2147352320
Checksum: 2147352320
Checksum: 2147352320
Checksum: 2147352320
Checksum: 2147352320
Checksum: 2147352320
Checksum: 2147352320
Checksum: 2147352320
Checksum: 2147352320
Checksum: 2147352320
Checksum: 2147352320
Checksum: 2147352320
Checksum: 2147352320
Checksum: 4294442496
Checksum: 4294442496
Checksum: 4294442496
Checksum: 4294442496
Checksum: 4294442496
Checksum: 4294442496
Checksum: 4294442496
Checksum: 4294442496
Checksum: 4294442496
Checksum: 4294442496
Checksum: 4294442496
Checksum: 4294442496
Checksum: 4294442496
Checksum: 4294442496
Checksum: 4294442496
Checksum: 4294442496
Checksum: 4294442496
Checksum: 4294442496
Checksum: 4294442496
Checksum: 4294442496
Checksum: 4294442496
Checksum: 4294442496
Checksum: 4294442496
Checksum: 4294442496
Checksum: 4294442496
Checksum: 4294442496
Checksum: 4294442496
Checksum: 4294442496
Checksum: 4294442496
Checksum: 4294442496
Checksum: 4294442496
Checksum: 4294442496
Checksum: 4294442496
Checksum: 4294442496
Checksum: 4294442496
Checksum: 4294442496
Checksum: 4294442496
Checksum: 4294442496
Checksum: 4294442496
Checksum: 4294442496
Checksum: 4292869120
Checksum: 4292869120
Checksum: 4292869120
Checksum: 4292869120
Checksum: 4292869120
Checksum: 4292869120
Checksum: 4292869120
Checksum: 4292869120
Checksum: 4292869120
Checksum: 4292869120
Checksum: 4292869120
Checksum: 4292869120
Checksum: 4292869120
Checksum: 4292869120
Checksum: 4292869120
Checksum: 4292869120
Checksum: 4292869120
Checksum: 4292869120
Checksum: 4292869120
Checksum: 4292869120
Checksum: 4292869120
Checksum: 4292869120
Checksum: 4292869120
Checksum: 4292869120
Checksum: 4292869120
Checksum: 4292869120
Checksum: 4292869120
Checksum: 4292869120
Checksum: 4292869120
Checksum: 4292869120
Checksum: 4292869120
Checksum: 4292869120
Checksum: 4292869120
Checksum: 4292869120
Checksum: 4292869120
Checksum: 4292869120
Checksum: 4292869120
Checksum: 4292869120
Checksum: 4292869120
Checksum: 4292869120
Checksum: 33553904
Checksum: 33553904
Checksum: 33553904
Checksum: 33553904
Checksum: 33553904
Checksum: 33553904
Checksum: 33553904
Checksum: 33553904
Checksum: 33553904
Checksum: 33553904
Checksum: 33553904
Checksum: 33553904
Checksum: 33553904
Checksum: 33553904
Checksum: 33553904
Checksum: 33553904
Checksum: 33553904
Checksum: 33553904
Checksum: 33553904
Checksum: 33553904
Checksum: 33553904
Checksum: 33553904
Checksum: 33553904
Checksum: 33553904
Checksum: 33553904
Checksum: 33553904
Checksum: 33553904
Checksum: 33553904
Checksum: 33553904
Checksum: 33553904
Checksum: 33553904
Checksum: 33553904
Checksum: 33553904
Checksum: 33553904
Checksum: 33553904
Checksum: 33553904
Checksum: 33553904
Checksum: 33553904
Checksum: 33553904
Checksum: 33553904
Checksum: 67106784
Checksum: 67106784
Checksum: 67106784
Checksum: 67106784
Checksum: 67106784
Checksum: 67106784
Checksum: 67106784
Checksum: 67106784
Checksum: 67106784
Checksum: 67106784
Checksum: 67106784
Checksum: 67106784
Checksum: 67106784
Checksum: 67106784
Checksum: 67106784
Checksum: 67106784
Checksum: 67106784
Checksum: 67106784
Checksum: 67106784
Checksum: 67106784
Checksum: 67106784
Checksum: 67106784
Checksum: 67106784
Checksum: 67106784
Checksum: 67106784
Checksum: 67106784
Checksum: 67106784
Checksum: 67106784
Checksum: 67106784
Checksum: 67106784
Checksum: 67106784
Checksum: 67106784
Checksum: 67106784
Checksum: 67106784
Checksum: 67106784
Checksum: 67106784
Checksum: 67106784
Checksum: 67106784
Checksum: 67106784
Checksum: 67106784
Checksum: 134209472
Checksum: 134209472
Checksum: 134209472
Checksum: 134209472
Checksum: 134209472
Checksum: 134209472
Checksum: 134209472
Checksum: 134209472
Checksum: 134209472
Checksum: 134209472
Checksum: 134209472
Checksum: 134209472
Checksum: 134209472
Checksum: 134209472
Checksum: 134209472
Checksum: 134209472
Checksum: 134209472
Checksum: 134209472
Checksum: 134209472
Checksum: 134209472
Checksum: 134209472
Checksum: 134209472
Checksum: 134209472
Checksum: 134209472
Checksum: 134209472
Checksum: 134209472
Checksum: 134209472
Checksum: 134209472
Checksum: 134209472
Checksum: 134209472
Checksum: 134209472
Checksum: 134209472
Checksum: 134209472
Checksum: 134209472
Checksum: 134209472
Checksum: 134209472
Checksum: 134209472
Checksum: 134209472
Checksum: 134209472
Checksum: 134209472
Checksum: 268402560
Checksum: 268402560
Checksum: 268402560
Checksum: 268402560
Checksum: 268402560
Checksum: 268402560
Checksum: 268402560
Checksum: 268402560
Checksum: 268402560
Checksum: 268402560
Checksum: 268402560
Checksum: 268402560
Checksum: 268402560
Checksum: 268402560
Checksum: 268402560
Checksum: 268402560
Checksum: 268402560
Checksum: 268402560
Checksum: 268402560
Checksum: 268402560
Checksum: 268402560
Checksum: 268402560
Checksum: 268402560
Checksum: 268402560
Checksum: 268402560
Checksum: 268402560
Checksum: 268402560
Checksum: 268402560
Checksum: 268402560
Checksum: 268402560
Checksum: 268402560
Checksum: 268402560
Checksum: 268402560
Checksum: 268402560
Checksum: 268402560
Checksum: 268402560
Checksum: 268402560
Checksum: 268402560
Checksum: 268402560
Checksum: 268402560
Checksum: 536739584
Checksum: 536739584
Checksum: 536739584
Checksum: 536739584
Checksum: 536739584
Checksum: 536739584
Checksum: 536739584
Checksum: 536739584
Checksum: 536739584
Checksum: 536739584
Checksum: 536739584
Checksum: 536739584
Checksum: 536739584
Checksum: 536739584
Checksum: 536739584
Checksum: 536739584
Checksum: 536739584
Checksum: 536739584
Checksum: 536739584
Checksum: 536739584
Checksum: 536739584
Checksum: 536739584
Checksum: 536739584
Checksum: 536739584
Checksum: 536739584
Checksum: 536739584
Checksum: 536739584
Checksum: 536739584
Checksum: 536739584
Checksum: 536739584
Checksum: 536739584
Checksum: 536739584
Checksum: 536739584
Checksum: 536739584
Checksum: 536739584
Checksum: 536739584
Checksum: 536739584
Checksum: 536739584
Checksum: 536739584
Checksum: 536739584
Checksum: 1073217024
Checksum: 1073217024
Checksum: 1073217024
Checksum: 1073217024
Checksum: 1073217024
Checksum: 1073217024
Checksum: 1073217024
Checksum: 1073217024
Checksum: 1073217024
Checksum: 1073217024
Checksum: 1073217024
Checksum: 1073217024
Checksum: 1073217024
Checksum: 1073217024
Checksum: 1073217024
Checksum: 1073217024
Checksum: 1073217024
Checksum: 1073217024
Checksum: 1073217024
Checksum: 1073217024
Checksum: 1073217024
Checksum: 1073217024
Checksum: 1073217024
Checksum: 1073217024
Checksum: 1073217024
Checksum: 1073217024
Checksum: 1073217024
Checksum: 1073217024
Checksum: 1073217024
Checksum: 1073217024
Checksum: 1073217024
Checksum: 1073217024
Checksum: 1073217024
Checksum: 1073217024
Checksum: 1073217024
Checksum: 1073217024
Checksum: 1073217024
Checksum: 1073217024
Checksum: 1073217024
Checksum: 1073217024
Checksum: 2145385472
Checksum: 2145385472
Checksum: 2145385472
Checksum: 2145385472
Checksum: 2145385472
Checksum: 2145385472
Checksum: 2145385472
Checksum: 2145385472
Checksum: 2145385472
Checksum: 2145385472
Checksum: 2145385472
Checksum: 2145385472
Checksum: 2145385472
Checksum: 2145385472
Checksum: 2145385472
Checksum: 2145385472
Checksum: 2145385472
Checksum: 2145385472
Checksum: 2145385472
Checksum: 2145385472
Checksum: 2145385472
Checksum: 2145385472
Checksum: 2145385472
Checksum: 2145385472
Checksum: 2145385472
Checksum: 2145385472
Checksum: 2145385472
Checksum: 2145385472
Checksum: 2145385472
Checksum: 2145385472
Checksum: 2145385472
Checksum: 2145385472
Checksum: 2145385472
Checksum: 2145385472
Checksum: 2145385472
Checksum: 2145385472
Checksum: 2145385472
Checksum: 2145385472
Checksum: 2145385472
Checksum: 2145385472
Checksum: 8388080
Checksum: 8388080
Checksum: 8388080
Checksum: 8388080
Checksum: 8388080
Checksum: 8388080
Checksum: 8388080
Checksum: 8388080
Checksum: 8388080
Checksum: 8388080
Checksum: 8388080
Checksum: 8388080
Checksum: 8388080
Checksum: 8388080
Checksum: 8388080
Checksum: 8388080
Checksum: 8388080
Checksum: 8388080
Checksum: 8388080
Checksum: 8388080
Checksum: 8388080
Checksum: 8388080
Checksum: 8388080
Checksum: 8388080
Checksum: 8388080
Checksum: 8388080
Checksum: 8388080
Checksum: 8388080
Checksum: 8388080
Checksum: 8388080
Checksum: 8388080
Checksum: 8388080
Checksum: 8388080
Checksum: 8388080
Checksum: 8388080
Checksum: 8388080
Checksum: 8388080
Checksum: 8388080
Checksum: 8388080
Checksum: 8388080
Checksum: 16775136
Checksum: 16775136
Checksum: 16775136
Checksum: 16775136
Checksum: 16775136
Checksum: 16775136
Checksum: 16775136
Checksum: 16775136
Checksum: 16775136
Checksum: 16775136
Checksum: 16775136
Checksum: 16775136
Checksum: 16775136
Checksum: 16775136
Checksum: 16775136
Checksum: 16775136
Checksum: 16775136
Checksum: 16775136
Checksum: 16775136
Checksum: 16775136
Checksum: 16775136
Checksum: 16775136
Checksum: 16775136
Checksum: 16775136
Checksum: 16775136
Checksum: 16775136
Checksum: 16775136
Checksum: 16775136
Checksum: 16775136
Checksum: 16775136
Checksum: 16775136
Checksum: 16775136
Checksum: 16775136
Checksum: 16775136
Checksum: 16775136
Checksum: 16775136
Checksum: 16775136
Checksum: 16775136
Checksum: 16775136
Checksum: 16775136
Checksum: 33546176
Checksum: 33546176
Checksum: 33546176
Checksum: 33546176
Checksum: 33546176
Checksum: 33546176
Checksum: 33546176
Checksum: 33546176
Checksum: 33546176
Checksum: 33546176
Checksum: 33546176
Checksum: 33546176
Checksum: 33546176
Checksum: 33546176
Checksum: 33546176
Checksum: 33546176
Checksum: 33546176
Checksum: 33546176
Checksum: 33546176
Checksum: 33546176
Checksum: 33546176
Checksum: 33546176
Checksum: 33546176
Checksum: 33546176
Checksum: 33546176
Checksum: 33546176
Checksum: 33546176
Checksum: 33546176
Checksum: 33546176
Checksum: 33546176
Checksum: 33546176
Checksum: 33546176
Checksum: 33546176
Checksum: 33546176
Checksum: 33546176
Checksum: 33546176
Checksum: 33546176
Checksum: 33546176
Checksum: 33546176
Checksum: 33546176
Checksum: 67075968
Checksum: 67075968
Checksum: 67075968
Checksum: 67075968
Checksum: 67075968
Checksum: 67075968
Checksum: 67075968
Checksum: 67075968
Checksum: 67075968
Checksum: 67075968
Checksum: 67075968
Checksum: 67075968
Checksum: 67075968
Checksum: 67075968
Checksum: 67075968
Checksum: 67075968
Checksum: 67075968
Checksum: 67075968
Checksum: 67075968
Checksum: 67075968
Checksum: 67075968
Checksum: 67075968
Checksum: 67075968
Checksum: 67075968
Checksum: 67075968
Checksum: 67075968
Checksum: 67075968
Checksum: 67075968
Checksum: 67075968
Checksum: 67075968
Checksum: 67075968
Checksum: 67075968
Checksum: 67075968
Checksum: 67075968
Checksum: 67075968
Checksum: 67075968
Checksum: 67075968
Checksum: 67075968
Checksum: 67075968
Checksum: 67075968
Checksum: 134086400
Checksum: 134086400
Checksum: 134086400
Checksum: 134086400
Checksum: 134086400
Checksum: 134086400
Checksum: 134086400
Checksum: 134086400
Checksum: 134086400
Checksum: 134086400
Checksum: 134086400
Checksum: 134086400
Checksum: 134086400
Checksum: 134086400
Checksum: 134086400
Checksum: 134086400
Checksum: 134086400
Checksum: 134086400
Checksum: 134086400
Checksum: 134086400
Checksum: 134086400
Checksum: 134086400
Checksum: 134086400
Checksum: 134086400
Checksum: 134086400
Checksum: 134086400
Checksum: 134086400
Checksum: 134086400
Checksum: 134086400
Checksum: 134086400
Checksum: 134086400
Checksum: 134086400
Checksum: 134086400
Checksum: 134086400
Checksum: 134086400
Checksum: 134086400
Checksum: 134086400
Checksum: 134086400
Checksum: 134086400
Checksum: 134086400
Checksum: 267910656
Checksum: 267910656
Checksum: 267910656
Checksum: 267910656
Checksum: 267910656
Checksum: 267910656
Checksum: 267910656
Checksum: 267910656
Checksum: 267910656
Checksum: 267910656
Checksum: 267910656
Checksum: 267910656
Checksum: 267910656
Checksum: 267910656
Checksum: 267910656
Checksum: 267910656
Checksum: 267910656
Checksum: 267910656
Checksum: 267910656
Checksum: 267910656
Checksum: 267910656
Checksum: 267910656
Checksum: 267910656
Checksum: 267910656
Checksum: 267910656
Checksum: 267910656
Checksum: 267910656
Checksum: 267910656
Checksum: 267910656
Checksum: 267910656
Checksum: 267910656
Checksum: 267910656
Checksum: 267910656
Checksum: 267910656
Checksum: 267910656
Checksum: 267910656
Checksum: 267910656
Checksum: 267910656
Checksum: 267910656
Checksum: 267910656
Checksum: 534772736
Checksum: 534772736
Checksum: 534772736
Checksum: 534772736
Checksum: 534772736
Checksum: 534772736
Checksum: 534772736
Checksum: 534772736
Checksum: 534772736
Checksum: 534772736
Checksum: 534772736
Checksum: 534772736
Checksum: 534772736
Checksum: 534772736
Checksum: 534772736
Checksum: 534772736
Checksum: 534772736
Checksum: 534772736
Checksum: 534772736
Checksum: 534772736
Checksum: 534772736
Checksum: 534772736
Checksum: 534772736
Checksum: 534772736
Checksum: 534772736
Checksum: 534772736
Checksum: 534772736
Checksum: 534772736
Checksum: 534772736
Checksum: 534772736
Checksum: 534772736
Checksum: 534772736
Checksum: 534772736
Checksum: 534772736
Checksum: 534772736
Checksum: 534772736
Checksum: 534772736
Checksum: 534772736
Checksum: 534772736
Checksum: 534772736
